<?xml version="1.0" encoding="UTF-8"?>
<testng-results ignored="0" total="1" passed="1" failed="0" skipped="0">
  <reporter-output>
  </reporter-output>
  <suite started-at="2025-04-03T16:08:22 IST" name="Suite" finished-at="2025-04-03T16:08:38 IST" duration-ms="15817">
    <groups>
    </groups>
    <test started-at="2025-04-03T16:08:22 IST" name="Test" finished-at="2025-04-03T16:08:38 IST" duration-ms="15817">
      <class name="StandardFramework.Tests.MainTest">
        <test-method is-config="true" signature="Launch()[pri:0, instance:StandardFramework.Tests.MainTest@4426bff1]" started-at="2025-04-03T16:08:22 IST" name="Launch" finished-at="2025-04-03T16:08:25 IST" duration-ms="3070" status="PASS">
          <reporter-output>
          </reporter-output>
        </test-method> <!-- Launch -->
        <test-method signature="eComercee(java.util.HashMap)[pri:0, instance:StandardFramework.Tests.MainTest@4426bff1]" started-at="2025-04-03T16:08:25 IST" name="eComercee" data-provider="data" finished-at="2025-04-03T16:08:37 IST" duration-ms="12391" status="PASS">
          <params>
            <param index="0">
              <value>
                <![CDATA[{fname=Rahul, lname=Obroi, code=999999, pass=secret_sauce, user=standard_user, items=[Sauce Labs Backpack, Sauce Labs Fleece Jacket, Test.allTheThings() T-Shirt (Red), Sauce Labs Bike Light]}]]>
              </value>
            </param>
          </params>
          <reporter-output>
          </reporter-output>
        </test-method> <!-- eComercee -->
        <test-method is-config="true" signature="closure()[pri:0, instance:StandardFramework.Tests.MainTest@4426bff1]" started-at="2025-04-03T16:08:37 IST" name="closure" finished-at="2025-04-03T16:08:38 IST" duration-ms="164" status="PASS">
          <reporter-output>
          </reporter-output>
        </test-method> <!-- closure -->
      </class> <!-- StandardFramework.Tests.MainTest -->
    </test> <!-- Test -->
  </suite> <!-- Suite -->
</testng-results>
